{"name": "test_hrm_012_verify_functionality_of_save_button", "status": "broken", "statusDetails": {"message": "selenium.common.exceptions.TimeoutException: Message: \nStacktrace:\n\tGetHandleVerifier [0x00007FF6F1E0B632+29090]\n\t(No symbol) [0x00007FF6F1D7E6E9]\n\t(No symbol) [0x00007FF6F1C3B1CA]\n\t(No symbol) [0x00007FF6F1C8EFD7]\n\t(No symbol) [0x00007FF6F1C8F22C]\n\t(No symbol) [0x00007FF6F1CD97F7]\n\t(No symbol) [0x00007FF6F1CB672F]\n\t(No symbol) [0x00007FF6F1CD65D9]\n\t(No symbol) [0x00007FF6F1CB6493]\n\t(No symbol) [0x00007FF6F1C809B1]\n\t(No symbol) [0x00007FF6F1C81B11]\n\tGetHandleVerifier [0x00007FF6F212881D+3294093]\n\tGetHandleVerifier [0x00007FF6F2174403+3604339]\n\tGetHandleVerifier [0x00007FF6F216A2C7+3563063]\n\tGetHandleVerifier [0x00007FF6F1EC6F16+797318]\n\t(No symbol) [0x00007FF6F1D8986F]\n\t(No symbol) [0x00007FF6F1D85454]\n\t(No symbol) [0x00007FF6F1D855E0]\n\t(No symbol) [0x00007FF6F1D74A7F]\n\tBaseThreadInitThunk [0x00007FFA3862257D+29]\n\tRtlUserThreadStart [0x00007FFA3A74AF28+40]", "trace": "self = <testcases.test_PIM_phase2.TestMyInfoSection object at 0x0000020D6A48C760>\n\n    def test_hrm_012_verify_functionality_of_save_button(self):\n        # RP = ResourcePIM(self.driver, self.wait, self.actions)\n>       self.RP.save_func()\n\ntest_PIM_phase2.py:50: \n_ _ _ _ _ _ _ _ _ _ _ _ _ _ _ _ _ _ _ _ _ _ _ _ _ _ _ _ _ _ _ _ _ _ _ _ _ _ _ _ _ _ _ _ _ _ _ _ _ _ _ _ _ _ _ _ _ _ _ _ _ _ _ _ _ _ _ _ _ _ _ \n..\\pages\\page_PIM.py:96: in save_func\n    assert self.wait.until(EC.presence_of_element_located(self.TOAST_CONTENT))\n_ _ _ _ _ _ _ _ _ _ _ _ _ _ _ _ _ _ _ _ _ _ _ _ _ _ _ _ _ _ _ _ _ _ _ _ _ _ _ _ _ _ _ _ _ _ _ _ _ _ _ _ _ _ _ _ _ _ _ _ _ _ _ _ _ _ _ _ _ _ _ \n\nself = <selenium.webdriver.support.wait.WebDriverWait (session=\"18c067464700170c6f7c4152bbf0b3bb\")>\nmethod = <function presence_of_element_located.<locals>._predicate at 0x0000020D6A4BCEE0>, message = ''\n\n    def until(self, method: Callable[[D], Union[Literal[False], T]], message: str = \"\") -> T:\n        \"\"\"Calls the method provided with the driver as an argument until the \\\n        return value does not evaluate to ``False``.\n    \n        :param method: callable(WebDriver)\n        :param message: optional message for :exc:`TimeoutException`\n        :returns: the result of the last call to `method`\n        :raises: :exc:`selenium.common.exceptions.TimeoutException` if timeout occurs\n        \"\"\"\n        screen = None\n        stacktrace = None\n    \n        end_time = time.monotonic() + self._timeout\n        while True:\n            try:\n                value = method(self._driver)\n                if value:\n                    return value\n            except self._ignored_exceptions as exc:\n                screen = getattr(exc, \"screen\", None)\n                stacktrace = getattr(exc, \"stacktrace\", None)\n            time.sleep(self._poll)\n            if time.monotonic() > end_time:\n                break\n>       raise TimeoutException(message, screen, stacktrace)\nE       selenium.common.exceptions.TimeoutException: Message: \nE       Stacktrace:\nE       \tGetHandleVerifier [0x00007FF6F1E0B632+29090]\nE       \t(No symbol) [0x00007FF6F1D7E6E9]\nE       \t(No symbol) [0x00007FF6F1C3B1CA]\nE       \t(No symbol) [0x00007FF6F1C8EFD7]\nE       \t(No symbol) [0x00007FF6F1C8F22C]\nE       \t(No symbol) [0x00007FF6F1CD97F7]\nE       \t(No symbol) [0x00007FF6F1CB672F]\nE       \t(No symbol) [0x00007FF6F1CD65D9]\nE       \t(No symbol) [0x00007FF6F1CB6493]\nE       \t(No symbol) [0x00007FF6F1C809B1]\nE       \t(No symbol) [0x00007FF6F1C81B11]\nE       \tGetHandleVerifier [0x00007FF6F212881D+3294093]\nE       \tGetHandleVerifier [0x00007FF6F2174403+3604339]\nE       \tGetHandleVerifier [0x00007FF6F216A2C7+3563063]\nE       \tGetHandleVerifier [0x00007FF6F1EC6F16+797318]\nE       \t(No symbol) [0x00007FF6F1D8986F]\nE       \t(No symbol) [0x00007FF6F1D85454]\nE       \t(No symbol) [0x00007FF6F1D855E0]\nE       \t(No symbol) [0x00007FF6F1D74A7F]\nE       \tBaseThreadInitThunk [0x00007FFA3862257D+29]\nE       \tRtlUserThreadStart [0x00007FFA3A74AF28+40]\n\n..\\.venv\\lib\\site-packages\\selenium\\webdriver\\support\\wait.py:105: TimeoutException"}, "start": 1725730443456, "stop": 1725730453928, "uuid": "3dbdbc75-b6cd-4f9f-a3cb-ce4931a81e59", "historyId": "08e8c9d97575520d474dfb552a86cdce", "testCaseId": "08e8c9d97575520d474dfb552a86cdce", "fullName": "test_PIM_phase2.TestMyInfoSection#test_hrm_012_verify_functionality_of_save_button", "labels": [{"name": "tag", "value": "@pytest.mark.usefixtures('setup_and_teardown_class')"}, {"name": "suite", "value": "test_PIM_phase2"}, {"name": "subSuite", "value": "TestMyInfoSection"}, {"name": "host", "value": "LAPTOP-LFHMN0PJ"}, {"name": "thread", "value": "15124-MainThread"}, {"name": "framework", "value": "pytest"}, {"name": "language", "value": "cpython3"}, {"name": "package", "value": "test_PIM_phase2"}]}