{"uid":"f5116f002c2a24a9","name":"test_hrm_012_verify_functionality_of_save_button","fullName":"test_PIM_phase2.TestMyInfoSection#test_hrm_012_verify_functionality_of_save_button","historyId":"08e8c9d97575520d474dfb552a86cdce","time":{"start":1725623235735,"stop":1725623246139,"duration":10404},"status":"broken","statusMessage":"selenium.common.exceptions.TimeoutException: Message: \nStacktrace:\n\tGetHandleVerifier [0x00007FF6F3F4B632+29090]\n\t(No symbol) [0x00007FF6F3EBE6E9]\n\t(No symbol) [0x00007FF6F3D7B1CA]\n\t(No symbol) [0x00007FF6F3DCEFD7]\n\t(No symbol) [0x00007FF6F3DCF22C]\n\t(No symbol) [0x00007FF6F3E197F7]\n\t(No symbol) [0x00007FF6F3DF672F]\n\t(No symbol) [0x00007FF6F3E165D9]\n\t(No symbol) [0x00007FF6F3DF6493]\n\t(No symbol) [0x00007FF6F3DC09B1]\n\t(No symbol) [0x00007FF6F3DC1B11]\n\tGetHandleVerifier [0x00007FF6F426881D+3294093]\n\tGetHandleVerifier [0x00007FF6F42B4403+3604339]\n\tGetHandleVerifier [0x00007FF6F42AA2C7+3563063]\n\tGetHandleVerifier [0x00007FF6F4006F16+797318]\n\t(No symbol) [0x00007FF6F3EC986F]\n\t(No symbol) [0x00007FF6F3EC5454]\n\t(No symbol) [0x00007FF6F3EC55E0]\n\t(No symbol) [0x00007FF6F3EB4A7F]\n\tBaseThreadInitThunk [0x00007FFA3862257D+29]\n\tRtlUserThreadStart [0x00007FFA3A74AF28+40]","statusTrace":"self = <testcases.test_PIM_phase2.TestMyInfoSection object at 0x000002409311A380>\n\n    def test_hrm_012_verify_functionality_of_save_button(self):\n        # RP = ResourcePIM(self.driver, self.wait, self.actions)\n>       self.RP.save_func()\n\ntest_PIM_phase2.py:50: \n_ _ _ _ _ _ _ _ _ _ _ _ _ _ _ _ _ _ _ _ _ _ _ _ _ _ _ _ _ _ _ _ _ _ _ _ _ _ _ _ _ _ _ _ _ _ _ _ _ _ _ _ _ _ _ _ _ _ _ _ _ _ _ _ _ _ _ _ _ _ _ _ _ _\n..\\pages\\page_PIM.py:96: in save_func\n    assert self.wait.until(EC.presence_of_element_located(self.TOAST_CONTENT))\n_ _ _ _ _ _ _ _ _ _ _ _ _ _ _ _ _ _ _ _ _ _ _ _ _ _ _ _ _ _ _ _ _ _ _ _ _ _ _ _ _ _ _ _ _ _ _ _ _ _ _ _ _ _ _ _ _ _ _ _ _ _ _ _ _ _ _ _ _ _ _ _ _ _\n\nself = <selenium.webdriver.support.wait.WebDriverWait (session=\"ba7d3183c15e0018bf77a65ce370203b\")>\nmethod = <function presence_of_element_located.<locals>._predicate at 0x0000024093113640>, message = ''\n\n    def until(self, method: Callable[[D], Union[Literal[False], T]], message: str = \"\") -> T:\n        \"\"\"Calls the method provided with the driver as an argument until the \\\n        return value does not evaluate to ``False``.\n    \n        :param method: callable(WebDriver)\n        :param message: optional message for :exc:`TimeoutException`\n        :returns: the result of the last call to `method`\n        :raises: :exc:`selenium.common.exceptions.TimeoutException` if timeout occurs\n        \"\"\"\n        screen = None\n        stacktrace = None\n    \n        end_time = time.monotonic() + self._timeout\n        while True:\n            try:\n                value = method(self._driver)\n                if value:\n                    return value\n            except self._ignored_exceptions as exc:\n                screen = getattr(exc, \"screen\", None)\n                stacktrace = getattr(exc, \"stacktrace\", None)\n            time.sleep(self._poll)\n            if time.monotonic() > end_time:\n                break\n>       raise TimeoutException(message, screen, stacktrace)\nE       selenium.common.exceptions.TimeoutException: Message: \nE       Stacktrace:\nE       \tGetHandleVerifier [0x00007FF6F3F4B632+29090]\nE       \t(No symbol) [0x00007FF6F3EBE6E9]\nE       \t(No symbol) [0x00007FF6F3D7B1CA]\nE       \t(No symbol) [0x00007FF6F3DCEFD7]\nE       \t(No symbol) [0x00007FF6F3DCF22C]\nE       \t(No symbol) [0x00007FF6F3E197F7]\nE       \t(No symbol) [0x00007FF6F3DF672F]\nE       \t(No symbol) [0x00007FF6F3E165D9]\nE       \t(No symbol) [0x00007FF6F3DF6493]\nE       \t(No symbol) [0x00007FF6F3DC09B1]\nE       \t(No symbol) [0x00007FF6F3DC1B11]\nE       \tGetHandleVerifier [0x00007FF6F426881D+3294093]\nE       \tGetHandleVerifier [0x00007FF6F42B4403+3604339]\nE       \tGetHandleVerifier [0x00007FF6F42AA2C7+3563063]\nE       \tGetHandleVerifier [0x00007FF6F4006F16+797318]\nE       \t(No symbol) [0x00007FF6F3EC986F]\nE       \t(No symbol) [0x00007FF6F3EC5454]\nE       \t(No symbol) [0x00007FF6F3EC55E0]\nE       \t(No symbol) [0x00007FF6F3EB4A7F]\nE       \tBaseThreadInitThunk [0x00007FFA3862257D+29]\nE       \tRtlUserThreadStart [0x00007FFA3A74AF28+40]\n\n..\\.venv\\lib\\site-packages\\selenium\\webdriver\\support\\wait.py:105: TimeoutException","flaky":false,"newFailed":false,"newBroken":false,"newPassed":false,"retriesCount":0,"retriesStatusChange":false,"beforeStages":[{"name":"setup_and_teardown_class","time":{"start":1725623218042,"stop":1725623226689,"duration":8647},"status":"passed","steps":[],"attachments":[],"parameters":[],"stepsCount":0,"hasContent":false,"attachmentStep":false,"shouldDisplayMessage":false,"attachmentsCount":0},{"name":"class_setup","time":{"start":1725623235734,"stop":1725623235735,"duration":1},"status":"passed","steps":[],"attachments":[],"parameters":[],"stepsCount":0,"hasContent":false,"attachmentStep":false,"shouldDisplayMessage":false,"attachmentsCount":0}],"afterStages":[{"name":"setup_and_teardown_class::0","time":{"start":1725623248107,"stop":1725623250407,"duration":2300},"status":"passed","steps":[],"attachments":[],"parameters":[],"stepsCount":0,"hasContent":false,"attachmentStep":false,"shouldDisplayMessage":false,"attachmentsCount":0}],"labels":[{"name":"tag","value":"@pytest.mark.usefixtures('setup_and_teardown_class')"},{"name":"suite","value":"test_PIM_phase2"},{"name":"subSuite","value":"TestMyInfoSection"},{"name":"host","value":"LAPTOP-LFHMN0PJ"},{"name":"thread","value":"29896-MainThread"},{"name":"framework","value":"pytest"},{"name":"language","value":"cpython3"},{"name":"package","value":"test_PIM_phase2"},{"name":"resultFormat","value":"allure2"}],"parameters":[],"links":[],"hidden":true,"retry":true,"extra":{"categories":[],"tags":["@pytest.mark.usefixtures('setup_and_teardown_class')"]},"source":"f5116f002c2a24a9.json","parameterValues":[]}